  [1m[36mSQL (0.5ms)[0m  [1m SELECT name
 FROM sqlite_master
 WHERE type = 'table' AND NOT name = 'sqlite_sequence'
[0m
  [1m[35mSQL (0.1ms)[0m  select sqlite_version(*)
  [1m[36mSQL (1.5ms)[0m  [1mCREATE TABLE "schema_migrations" ("version" varchar(255) NOT NULL) [0m
  [1m[35mSQL (0.1ms)[0m  PRAGMA index_list("schema_migrations")
  [1m[36mSQL (1.3ms)[0m  [1mCREATE UNIQUE INDEX "unique_schema_migrations" ON "schema_migrations" ("version")[0m
  [1m[35mSQL (0.2ms)[0m   SELECT name
 FROM sqlite_master
 WHERE type = 'table' AND NOT name = 'sqlite_sequence'
  [1m[36mSQL (0.2ms)[0m  [1m SELECT name
 FROM sqlite_master
 WHERE type = 'table' AND NOT name = 'sqlite_sequence'
[0m
  [1m[35mSQL (0.1ms)[0m  SELECT "schema_migrations"."version" FROM "schema_migrations"
Migrating to CreateTeams (20110304173129)
  [1m[36mSQL (0.8ms)[0m  [1mCREATE TABLE "teams" ("id" INTEGER PRIMARY KEY AUTOINCREMENT NOT NULL, "name" varchar(255), "city" varchar(255), "state" varchar(255), "country" varchar(255), "created_at" datetime, "updated_at" datetime) [0m
  [1m[35mSQL (0.2ms)[0m  INSERT INTO "schema_migrations" ("version") VALUES ('20110304173129')
  [1m[36mSQL (0.3ms)[0m  [1m SELECT name
 FROM sqlite_master
 WHERE type = 'table' AND NOT name = 'sqlite_sequence'
[0m
  [1m[35mSQL (0.1ms)[0m  SELECT "schema_migrations"."version" FROM "schema_migrations"
  [1m[36mSQL (0.2ms)[0m  [1m SELECT name
 FROM sqlite_master
 WHERE type = 'table' AND NOT name = 'sqlite_sequence'
[0m
  [1m[35mSQL (0.1ms)[0m  PRAGMA index_list("teams")


Started GET "/team" for 127.0.0.1 at 2011-03-04 10:32:10 -0700

ActionController::RoutingError (No route matches "/team"):
  

Rendered /Users/todd/.rvm/gems/ruby-1.9.2-p180/gems/actionpack-3.0.5/lib/action_dispatch/middleware/templates/rescues/routing_error.erb within rescues/layout (1.8ms)


Started GET "/teams" for 127.0.0.1 at 2011-03-04 10:32:15 -0700
  Processing by TeamsController#index as HTML
  [1m[36mTeam Load (0.7ms)[0m  [1mSELECT "teams".* FROM "teams"[0m
Rendered teams/index.html.erb within layouts/application (4.2ms)
Completed 200 OK in 92ms (Views: 12.0ms | ActiveRecord: 0.7ms)


Started GET "/teams/new" for 127.0.0.1 at 2011-03-04 10:32:18 -0700
  Processing by TeamsController#new as HTML
Rendered teams/_form.html.erb (21.4ms)
Rendered teams/new.html.erb within layouts/application (58.5ms)
Completed 200 OK in 81ms (Views: 65.2ms | ActiveRecord: 0.0ms)


Started POST "/teams" for 127.0.0.1 at 2011-03-04 10:32:21 -0700
  Processing by TeamsController#create as HTML
  Parameters: {"utf8"=>"✓", "authenticity_token"=>"/z+UuI/qJ7MmszL24pnETlNeVpxORUzFJ+SKEASo1sU=", "team"=>{"name"=>"sd", "city"=>"", "state"=>"", "country"=>""}, "commit"=>"Create Team"}
  [1m[35mSQL (0.2ms)[0m   SELECT name
 FROM sqlite_master
 WHERE type = 'table' AND NOT name = 'sqlite_sequence'
  [1m[36mAREL (0.7ms)[0m  [1mINSERT INTO "teams" ("name", "city", "state", "country", "created_at", "updated_at") VALUES ('sd', '', '', '', '2011-03-04 17:32:22.007872', '2011-03-04 17:32:22.007872')[0m
Redirected to http://localhost:3000/teams/1
Completed 302 Found in 58ms


Started GET "/teams/1" for 127.0.0.1 at 2011-03-04 10:32:22 -0700
  Processing by TeamsController#show as HTML
  Parameters: {"id"=>"1"}
  [1m[35mTeam Load (0.3ms)[0m  SELECT "teams".* FROM "teams" WHERE "teams"."id" = 1 LIMIT 1
Rendered teams/show.html.erb within layouts/application (63.8ms)
Completed 200 OK in 88ms (Views: 70.7ms | ActiveRecord: 1.3ms)


Started GET "/teams" for 127.0.0.1 at 2011-03-04 10:32:26 -0700
  Processing by TeamsController#index as HTML
  [1m[36mTeam Load (0.6ms)[0m  [1mSELECT "teams".* FROM "teams"[0m
Rendered teams/index.html.erb within layouts/application (18.6ms)
Completed 200 OK in 37ms (Views: 24.8ms | ActiveRecord: 0.6ms)


Started POST "/teams/1" for 127.0.0.1 at 2011-03-04 10:32:28 -0700
  Processing by TeamsController#destroy as HTML
  Parameters: {"authenticity_token"=>"/z+UuI/qJ7MmszL24pnETlNeVpxORUzFJ+SKEASo1sU=", "id"=>"1"}
  [1m[35mTeam Load (0.3ms)[0m  SELECT "teams".* FROM "teams" WHERE "teams"."id" = 1 LIMIT 1
  [1m[36mAREL (0.5ms)[0m  [1mDELETE FROM "teams" WHERE "teams"."id" = 1[0m
Redirected to http://localhost:3000/teams
Completed 302 Found in 32ms


Started GET "/teams" for 127.0.0.1 at 2011-03-04 10:32:28 -0700
  Processing by TeamsController#index as HTML
  [1m[35mTeam Load (0.5ms)[0m  SELECT "teams".* FROM "teams"
Rendered teams/index.html.erb within layouts/application (4.0ms)
Completed 200 OK in 21ms (Views: 10.2ms | ActiveRecord: 1.4ms)


Started GET "/teams/new" for 127.0.0.1 at 2011-03-04 10:32:57 -0700
  Processing by TeamsController#new as HTML
Rendered teams/_form.html.erb (13.2ms)
Rendered teams/new.html.erb within layouts/application (18.3ms)
Completed 200 OK in 39ms (Views: 24.5ms | ActiveRecord: 0.0ms)


Started POST "/teams" for 127.0.0.1 at 2011-03-04 10:33:21 -0700
  Processing by TeamsController#create as HTML
  Parameters: {"utf8"=>"✓", "authenticity_token"=>"/z+UuI/qJ7MmszL24pnETlNeVpxORUzFJ+SKEASo1sU=", "team"=>{"name"=>"Todd", "city"=>"Boulder", "state"=>"Colorado", "country"=>"USA"}, "commit"=>"Create Team"}
  [1m[36mAREL (0.5ms)[0m  [1mINSERT INTO "teams" ("name", "city", "state", "country", "created_at", "updated_at") VALUES ('Todd', 'Boulder', 'Colorado', 'USA', '2011-03-04 17:33:21.681363', '2011-03-04 17:33:21.681363')[0m
Redirected to http://localhost:3000/teams/2
Completed 302 Found in 78ms


Started GET "/teams/2" for 127.0.0.1 at 2011-03-04 10:33:21 -0700
  Processing by TeamsController#show as HTML
  Parameters: {"id"=>"2"}
  [1m[35mTeam Load (0.3ms)[0m  SELECT "teams".* FROM "teams" WHERE "teams"."id" = 2 LIMIT 1
Rendered teams/show.html.erb within layouts/application (18.8ms)
Completed 200 OK in 48ms (Views: 31.0ms | ActiveRecord: 0.8ms)


Started GET "/teams" for 127.0.0.1 at 2011-03-04 10:33:24 -0700
  Processing by TeamsController#index as HTML
  [1m[36mTeam Load (0.6ms)[0m  [1mSELECT "teams".* FROM "teams"[0m
Rendered teams/index.html.erb within layouts/application (18.7ms)
Completed 200 OK in 73ms (Views: 24.9ms | ActiveRecord: 0.6ms)
  [1m[36mSQL (0.7ms)[0m  [1m SELECT name
 FROM sqlite_master
 WHERE type = 'table' AND NOT name = 'sqlite_sequence'
[0m
  [1m[35mSQL (0.2ms)[0m   SELECT name
 FROM sqlite_master
 WHERE type = 'table' AND NOT name = 'sqlite_sequence'
  [1m[36mSQL (0.2ms)[0m  [1mSELECT "schema_migrations"."version" FROM "schema_migrations"[0m
Migrating to CreateTeams (20110304173129)
Migrating to CreateTeamMembers (20110304173925)
  [1m[35mSQL (0.1ms)[0m  select sqlite_version(*)


Started GET "/teams" for 127.0.0.1 at 2011-03-04 10:43:51 -0700
  Processing by TeamsController#index as HTML
  [1m[36mTeam Load (0.8ms)[0m  [1mSELECT "teams".* FROM "teams"[0m
Rendered teams/index.html.erb within layouts/application (56.1ms)
Completed 200 OK in 198ms (Views: 63.5ms | ActiveRecord: 0.8ms)


Started GET "/teams" for 127.0.0.1 at 2011-03-04 10:43:53 -0700
  Processing by TeamsController#index as HTML
  [1m[35mTeam Load (0.3ms)[0m  SELECT "teams".* FROM "teams"
Rendered teams/index.html.erb within layouts/application (20.3ms)
Completed 200 OK in 47ms (Views: 29.0ms | ActiveRecord: 0.3ms)


Started GET "/member" for 127.0.0.1 at 2011-03-04 10:44:05 -0700

ActionController::RoutingError (No route matches "/member"):
  

Rendered /Users/todd/.rvm/gems/ruby-1.9.2-p180/gems/actionpack-3.0.5/lib/action_dispatch/middleware/templates/rescues/routing_error.erb within rescues/layout (1.5ms)


Started GET "/members" for 127.0.0.1 at 2011-03-04 10:44:08 -0700

ActionController::RoutingError (No route matches "/members"):
  

Rendered /Users/todd/.rvm/gems/ruby-1.9.2-p180/gems/actionpack-3.0.5/lib/action_dispatch/middleware/templates/rescues/routing_error.erb within rescues/layout (1.5ms)


Started GET "/team_member" for 127.0.0.1 at 2011-03-04 10:44:19 -0700

ActionController::RoutingError (No route matches "/team_member"):
  

Rendered /Users/todd/.rvm/gems/ruby-1.9.2-p180/gems/actionpack-3.0.5/lib/action_dispatch/middleware/templates/rescues/routing_error.erb within rescues/layout (1.5ms)


Started GET "/team_members" for 127.0.0.1 at 2011-03-04 10:44:22 -0700
  Processing by TeamMembersController#index as HTML
  [1m[36mTeamMember Load (0.7ms)[0m  [1mSELECT "team_members".* FROM "team_members"[0m
SQLite3::SQLException: no such table: team_members: SELECT "team_members".* FROM "team_members"
Completed   in 22ms

ActiveRecord::StatementInvalid (SQLite3::SQLException: no such table: team_members: SELECT "team_members".* FROM "team_members"):
  app/controllers/team_members_controller.rb:5:in `index'

Rendered /Users/todd/.rvm/gems/ruby-1.9.2-p180/gems/actionpack-3.0.5/lib/action_dispatch/middleware/templates/rescues/_trace.erb (2.3ms)
Rendered /Users/todd/.rvm/gems/ruby-1.9.2-p180/gems/actionpack-3.0.5/lib/action_dispatch/middleware/templates/rescues/_request_and_response.erb (4.6ms)
Rendered /Users/todd/.rvm/gems/ruby-1.9.2-p180/gems/actionpack-3.0.5/lib/action_dispatch/middleware/templates/rescues/diagnostics.erb within rescues/layout (14.8ms)
  [1m[36mSQL (0.7ms)[0m  [1m SELECT name
 FROM sqlite_master
 WHERE type = 'table' AND NOT name = 'sqlite_sequence'
[0m
  [1m[35mSQL (0.2ms)[0m   SELECT name
 FROM sqlite_master
 WHERE type = 'table' AND NOT name = 'sqlite_sequence'
  [1m[36mSQL (0.2ms)[0m  [1mSELECT "schema_migrations"."version" FROM "schema_migrations"[0m
Migrating to CreateTeams (20110304173129)
Migrating to CreateTeamMembers (20110304173925)
  [1m[35mSQL (0.1ms)[0m  select sqlite_version(*)
  [1m[36mSQL (0.7ms)[0m  [1m SELECT name
 FROM sqlite_master
 WHERE type = 'table' AND NOT name = 'sqlite_sequence'
[0m
  [1m[35mSQL (0.2ms)[0m   SELECT name
 FROM sqlite_master
 WHERE type = 'table' AND NOT name = 'sqlite_sequence'
  [1m[36mSQL (0.2ms)[0m  [1mSELECT "schema_migrations"."version" FROM "schema_migrations"[0m
Migrating to CreateTeams (20110304173129)
Migrating to CreateTeamMembers (20110304174656)
  [1m[35mSQL (0.1ms)[0m  select sqlite_version(*)
  [1m[36mSQL (0.7ms)[0m  [1m SELECT name
 FROM sqlite_master
 WHERE type = 'table' AND NOT name = 'sqlite_sequence'
[0m
  [1m[35mSQL (0.2ms)[0m   SELECT name
 FROM sqlite_master
 WHERE type = 'table' AND NOT name = 'sqlite_sequence'
  [1m[36mSQL (0.2ms)[0m  [1mSELECT "schema_migrations"."version" FROM "schema_migrations"[0m
Migrating to CreateTeams (20110304173129)
Migrating to CreateTeamMembers (20110304174840)
  [1m[35mSQL (0.1ms)[0m  select sqlite_version(*)
  [1m[36mSQL (0.8ms)[0m  [1mCREATE TABLE "team_members" ("id" INTEGER PRIMARY KEY AUTOINCREMENT NOT NULL, "firstname" varchar(255), "lastname" varchar(255), "team_id" integer, "created_at" datetime, "updated_at" datetime) [0m
  [1m[35mSQL (0.2ms)[0m  INSERT INTO "schema_migrations" ("version") VALUES ('20110304174840')
  [1m[36mSQL (0.3ms)[0m  [1m SELECT name
 FROM sqlite_master
 WHERE type = 'table' AND NOT name = 'sqlite_sequence'
[0m
  [1m[35mSQL (0.2ms)[0m  SELECT "schema_migrations"."version" FROM "schema_migrations"
  [1m[36mSQL (0.2ms)[0m  [1m SELECT name
 FROM sqlite_master
 WHERE type = 'table' AND NOT name = 'sqlite_sequence'
[0m
  [1m[35mSQL (0.1ms)[0m  PRAGMA index_list("team_members")
  [1m[36mSQL (0.1ms)[0m  [1mPRAGMA index_list("teams")[0m


Started GET "/team_members" for 127.0.0.1 at 2011-03-04 10:51:06 -0700
  Processing by TeamMembersController#index as HTML
  [1m[36mTeamMember Load (0.8ms)[0m  [1mSELECT "team_members".* FROM "team_members"[0m
Rendered team_members/index.html.erb within layouts/application (4.5ms)
Completed 200 OK in 111ms (Views: 12.2ms | ActiveRecord: 0.8ms)


Started GET "/team_members/new" for 127.0.0.1 at 2011-03-04 10:51:10 -0700
  Processing by TeamMembersController#new as HTML
Rendered team_members/_form.html.erb (48.0ms)
Rendered team_members/new.html.erb within layouts/application (53.8ms)
Completed 200 OK in 77ms (Views: 60.3ms | ActiveRecord: 0.0ms)


Started POST "/team_members" for 127.0.0.1 at 2011-03-04 10:51:24 -0700
  Processing by TeamMembersController#create as HTML
  Parameters: {"utf8"=>"✓", "authenticity_token"=>"/z+UuI/qJ7MmszL24pnETlNeVpxORUzFJ+SKEASo1sU=", "team_member"=>{"firstname"=>"Todd", "lastname"=>"Treece", "team_id"=>"1"}, "commit"=>"Create Team member"}
  [1m[35mSQL (0.2ms)[0m   SELECT name
 FROM sqlite_master
 WHERE type = 'table' AND NOT name = 'sqlite_sequence'
  [1m[36mAREL (0.6ms)[0m  [1mINSERT INTO "team_members" ("firstname", "lastname", "team_id", "created_at", "updated_at") VALUES ('Todd', 'Treece', 1, '2011-03-04 17:51:25.003065', '2011-03-04 17:51:25.003065')[0m
Redirected to http://localhost:3000/team_members/1
Completed 302 Found in 57ms


Started GET "/team_members/1" for 127.0.0.1 at 2011-03-04 10:51:25 -0700
  Processing by TeamMembersController#show as HTML
  Parameters: {"id"=>"1"}
  [1m[35mTeamMember Load (0.3ms)[0m  SELECT "team_members".* FROM "team_members" WHERE "team_members"."id" = 1 LIMIT 1
Rendered team_members/show.html.erb within layouts/application (62.1ms)
Completed 200 OK in 93ms (Views: 69.5ms | ActiveRecord: 1.2ms)


Started GET "/team_members" for 127.0.0.1 at 2011-03-04 10:51:28 -0700
  Processing by TeamMembersController#index as HTML
  [1m[36mTeamMember Load (0.6ms)[0m  [1mSELECT "team_members".* FROM "team_members"[0m
Rendered team_members/index.html.erb within layouts/application (16.9ms)
Completed 200 OK in 37ms (Views: 23.2ms | ActiveRecord: 0.6ms)


Started GET "/team" for 127.0.0.1 at 2011-03-04 10:51:31 -0700

ActionController::RoutingError (No route matches "/team"):
  

Rendered /Users/todd/.rvm/gems/ruby-1.9.2-p180/gems/actionpack-3.0.5/lib/action_dispatch/middleware/templates/rescues/routing_error.erb within rescues/layout (1.5ms)


Started GET "/teams" for 127.0.0.1 at 2011-03-04 10:51:35 -0700
  Processing by TeamsController#index as HTML
  [1m[35mTeam Load (0.7ms)[0m  SELECT "teams".* FROM "teams"
Rendered teams/index.html.erb within layouts/application (18.4ms)
Completed 200 OK in 110ms (Views: 25.4ms | ActiveRecord: 0.7ms)


Started GET "/teams/2" for 127.0.0.1 at 2011-03-04 10:51:38 -0700
  Processing by TeamsController#show as HTML
  Parameters: {"id"=>"2"}
  [1m[36mTeam Load (0.3ms)[0m  [1mSELECT "teams".* FROM "teams" WHERE "teams"."id" = 2 LIMIT 1[0m
Rendered teams/show.html.erb within layouts/application (17.5ms)
Completed 200 OK in 43ms (Views: 24.0ms | ActiveRecord: 0.3ms)


Started GET "/teams/2" for 127.0.0.1 at 2011-03-04 10:56:38 -0700
  Processing by TeamsController#show as HTML
  Parameters: {"id"=>"2"}
  [1m[35mTeam Load (0.3ms)[0m  SELECT "teams".* FROM "teams" WHERE "teams"."id" = 2 LIMIT 1
Rendered teams/show.html.erb within layouts/application (49.4ms)
Completed   in 117ms

ActionView::Template::Error (undefined local variable or method `team' for #<#<Class:0x00000103050b00>:0x0000010304e670>):
    22: 
    23: <p>
    24:   <ul>
    25:     <% team.team_member.each do |member| %>
    26:       <li><%= member.firstname %> <%= member.lastname %>
    27:     <% end %>
    28:   </ul> 
  app/views/teams/show.html.erb:25:in `_app_views_teams_show_html_erb___1321236234879002347_2172806500__1657897960168132505'
  app/controllers/teams_controller.rb:18:in `show'

Rendered /Users/todd/.rvm/gems/ruby-1.9.2-p180/gems/actionpack-3.0.5/lib/action_dispatch/middleware/templates/rescues/_trace.erb (2.2ms)
Rendered /Users/todd/.rvm/gems/ruby-1.9.2-p180/gems/actionpack-3.0.5/lib/action_dispatch/middleware/templates/rescues/_request_and_response.erb (5.4ms)
Rendered /Users/todd/.rvm/gems/ruby-1.9.2-p180/gems/actionpack-3.0.5/lib/action_dispatch/middleware/templates/rescues/template_error.erb within rescues/layout (15.2ms)


Started GET "/teams/2" for 127.0.0.1 at 2011-03-04 10:57:24 -0700
  Processing by TeamsController#show as HTML
  Parameters: {"id"=>"2"}
  [1m[36mTeam Load (0.2ms)[0m  [1mSELECT "teams".* FROM "teams" WHERE "teams"."id" = 2 LIMIT 1[0m
Rendered teams/show.html.erb within layouts/application (62.4ms)
Completed   in 87ms

ActionView::Template::Error (undefined local variable or method `team' for #<#<Class:0x0000010124f480>:0x0000010124d428>):
    22: 
    23: <p>
    24:   <ul>
    25:     <% team.team_member.each do |member| %>
    26:       <li>
    27:         <%= member.firstname %> <%= member.lastname %>
    28:       </li>  
  app/views/teams/show.html.erb:25:in `_app_views_teams_show_html_erb___1321236234879002347_2157071560__1657897960168132505'
  app/controllers/teams_controller.rb:18:in `show'

Rendered /Users/todd/.rvm/gems/ruby-1.9.2-p180/gems/actionpack-3.0.5/lib/action_dispatch/middleware/templates/rescues/_trace.erb (2.0ms)
Rendered /Users/todd/.rvm/gems/ruby-1.9.2-p180/gems/actionpack-3.0.5/lib/action_dispatch/middleware/templates/rescues/_request_and_response.erb (5.1ms)
Rendered /Users/todd/.rvm/gems/ruby-1.9.2-p180/gems/actionpack-3.0.5/lib/action_dispatch/middleware/templates/rescues/template_error.erb within rescues/layout (13.4ms)


Started GET "/teams/2" for 127.0.0.1 at 2011-03-04 10:57:25 -0700
  Processing by TeamsController#show as HTML
  Parameters: {"id"=>"2"}
  [1m[35mTeam Load (0.3ms)[0m  SELECT "teams".* FROM "teams" WHERE "teams"."id" = 2 LIMIT 1
Rendered teams/show.html.erb within layouts/application (24.3ms)
Completed   in 49ms

ActionView::Template::Error (undefined local variable or method `team' for #<#<Class:0x000001013864e8>:0x00000101383d60>):
    22: 
    23: <p>
    24:   <ul>
    25:     <% team.team_member.each do |member| %>
    26:       <li>
    27:         <%= member.firstname %> <%= member.lastname %>
    28:       </li>  
  app/views/teams/show.html.erb:25:in `_app_views_teams_show_html_erb___1321236234879002347_2157701300__1657897960168132505'
  app/controllers/teams_controller.rb:18:in `show'

Rendered /Users/todd/.rvm/gems/ruby-1.9.2-p180/gems/actionpack-3.0.5/lib/action_dispatch/middleware/templates/rescues/_trace.erb (2.0ms)
Rendered /Users/todd/.rvm/gems/ruby-1.9.2-p180/gems/actionpack-3.0.5/lib/action_dispatch/middleware/templates/rescues/_request_and_response.erb (4.9ms)
Rendered /Users/todd/.rvm/gems/ruby-1.9.2-p180/gems/actionpack-3.0.5/lib/action_dispatch/middleware/templates/rescues/template_error.erb within rescues/layout (13.3ms)


Started GET "/teams/2" for 127.0.0.1 at 2011-03-04 10:58:56 -0700
  Processing by TeamsController#show as HTML
  Parameters: {"id"=>"2"}
  [1m[36mTeam Load (0.3ms)[0m  [1mSELECT "teams".* FROM "teams" WHERE "teams"."id" = 2 LIMIT 1[0m
Rendered teams/show.html.erb within layouts/application (24.3ms)
Completed   in 50ms

ActionView::Template::Error (undefined local variable or method `team' for #<#<Class:0x00000101589010>:0x000001015872d8>):
    22: 
    23: <p>
    24:   <ul>
    25:     <% team.team_members.each do |member| %>
    26:       <li>
    27:         <%= member.firstname %> <%= member.lastname %>
    28:       </li>  
  app/views/teams/show.html.erb:25:in `_app_views_teams_show_html_erb___1321236234879002347_2158767560__1657897960168132505'
  app/controllers/teams_controller.rb:18:in `show'

Rendered /Users/todd/.rvm/gems/ruby-1.9.2-p180/gems/actionpack-3.0.5/lib/action_dispatch/middleware/templates/rescues/_trace.erb (2.1ms)
Rendered /Users/todd/.rvm/gems/ruby-1.9.2-p180/gems/actionpack-3.0.5/lib/action_dispatch/middleware/templates/rescues/_request_and_response.erb (4.9ms)
Rendered /Users/todd/.rvm/gems/ruby-1.9.2-p180/gems/actionpack-3.0.5/lib/action_dispatch/middleware/templates/rescues/template_error.erb within rescues/layout (13.7ms)


Started GET "/teams/2" for 127.0.0.1 at 2011-03-04 10:58:57 -0700
  Processing by TeamsController#show as HTML
  Parameters: {"id"=>"2"}
  [1m[35mTeam Load (0.3ms)[0m  SELECT "teams".* FROM "teams" WHERE "teams"."id" = 2 LIMIT 1
Rendered teams/show.html.erb within layouts/application (61.9ms)
Completed   in 86ms

ActionView::Template::Error (undefined local variable or method `team' for #<#<Class:0x00000101253e68>:0x00000101251528>):
    22: 
    23: <p>
    24:   <ul>
    25:     <% team.team_members.each do |member| %>
    26:       <li>
    27:         <%= member.firstname %> <%= member.lastname %>
    28:       </li>  
  app/views/teams/show.html.erb:25:in `_app_views_teams_show_html_erb___1321236234879002347_2157084240__1657897960168132505'
  app/controllers/teams_controller.rb:18:in `show'

Rendered /Users/todd/.rvm/gems/ruby-1.9.2-p180/gems/actionpack-3.0.5/lib/action_dispatch/middleware/templates/rescues/_trace.erb (2.1ms)
Rendered /Users/todd/.rvm/gems/ruby-1.9.2-p180/gems/actionpack-3.0.5/lib/action_dispatch/middleware/templates/rescues/_request_and_response.erb (5.1ms)
Rendered /Users/todd/.rvm/gems/ruby-1.9.2-p180/gems/actionpack-3.0.5/lib/action_dispatch/middleware/templates/rescues/template_error.erb within rescues/layout (13.7ms)


Started GET "/teams/2" for 127.0.0.1 at 2011-03-04 10:59:13 -0700
  Processing by TeamsController#show as HTML
  Parameters: {"id"=>"2"}
  [1m[36mTeam Load (0.3ms)[0m  [1mSELECT "teams".* FROM "teams" WHERE "teams"."id" = 2 LIMIT 1[0m
Rendered teams/show.html.erb within layouts/application (25.1ms)
Completed   in 51ms

ActionView::Template::Error (undefined local variable or method `team' for #<#<Class:0x00000101373bb8>:0x00000101370850>):
    22: 
    23: <p>
    24:   <ul>
    25:     <% team.team_members do |member| %>
    26:       <li>
    27:         <%= member.firstname %> <%= member.lastname %>
    28:       </li>  
  app/views/teams/show.html.erb:25:in `_app_views_teams_show_html_erb___1321236234879002347_2157671420__1657897960168132505'
  app/controllers/teams_controller.rb:18:in `show'

Rendered /Users/todd/.rvm/gems/ruby-1.9.2-p180/gems/actionpack-3.0.5/lib/action_dispatch/middleware/templates/rescues/_trace.erb (2.1ms)
Rendered /Users/todd/.rvm/gems/ruby-1.9.2-p180/gems/actionpack-3.0.5/lib/action_dispatch/middleware/templates/rescues/_request_and_response.erb (5.0ms)
Rendered /Users/todd/.rvm/gems/ruby-1.9.2-p180/gems/actionpack-3.0.5/lib/action_dispatch/middleware/templates/rescues/template_error.erb within rescues/layout (13.9ms)


Started GET "/teams/2" for 127.0.0.1 at 2011-03-04 11:01:10 -0700
  Processing by TeamsController#show as HTML
  Parameters: {"id"=>"2"}
  [1m[35mTeam Load (0.3ms)[0m  SELECT "teams".* FROM "teams" WHERE "teams"."id" = 2 LIMIT 1
  [1m[36mTeamMember Load (0.3ms)[0m  [1mSELECT "team_members".* FROM "team_members" WHERE ("team_members".team_id = 2)[0m
Rendered teams/show.html.erb within layouts/application (35.7ms)
Completed 200 OK in 61ms (Views: 42.1ms | ActiveRecord: 0.6ms)


Started GET "/teams" for 127.0.0.1 at 2011-03-04 11:01:17 -0700
  Processing by TeamsController#index as HTML
  [1m[35mTeam Load (0.6ms)[0m  SELECT "teams".* FROM "teams"
Rendered teams/index.html.erb within layouts/application (58.6ms)
Completed 200 OK in 79ms (Views: 65.1ms | ActiveRecord: 0.6ms)


Started GET "/team_members" for 127.0.0.1 at 2011-03-04 11:01:24 -0700
  Processing by TeamMembersController#index as HTML
  [1m[36mTeamMember Load (0.6ms)[0m  [1mSELECT "team_members".* FROM "team_members"[0m
Rendered team_members/index.html.erb within layouts/application (17.2ms)
Completed 200 OK in 37ms (Views: 23.8ms | ActiveRecord: 0.6ms)


Started GET "/team_members/1/edit" for 127.0.0.1 at 2011-03-04 11:01:26 -0700
  Processing by TeamMembersController#edit as HTML
  Parameters: {"id"=>"1"}
  [1m[35mTeamMember Load (0.3ms)[0m  SELECT "team_members".* FROM "team_members" WHERE "team_members"."id" = 1 LIMIT 1
Rendered team_members/_form.html.erb (17.1ms)
Rendered team_members/edit.html.erb within layouts/application (23.6ms)
Completed 200 OK in 46ms (Views: 30.2ms | ActiveRecord: 0.3ms)


Started POST "/team_members/1" for 127.0.0.1 at 2011-03-04 11:01:29 -0700
  Processing by TeamMembersController#update as HTML
  Parameters: {"utf8"=>"✓", "authenticity_token"=>"/z+UuI/qJ7MmszL24pnETlNeVpxORUzFJ+SKEASo1sU=", "team_member"=>{"firstname"=>"Todd", "lastname"=>"Treece", "team_id"=>"2"}, "commit"=>"Update Team member", "id"=>"1"}
  [1m[36mTeamMember Load (0.3ms)[0m  [1mSELECT "team_members".* FROM "team_members" WHERE "team_members"."id" = 1 LIMIT 1[0m
  [1m[35mAREL (0.5ms)[0m  UPDATE "team_members" SET "team_id" = 2, "updated_at" = '2011-03-04 18:01:29.373888' WHERE "team_members"."id" = 1
Redirected to http://localhost:3000/team_members/1
Completed 302 Found in 38ms


Started GET "/team_members/1" for 127.0.0.1 at 2011-03-04 11:01:29 -0700
  Processing by TeamMembersController#show as HTML
  Parameters: {"id"=>"1"}
  [1m[36mTeamMember Load (0.3ms)[0m  [1mSELECT "team_members".* FROM "team_members" WHERE "team_members"."id" = 1 LIMIT 1[0m
Rendered team_members/show.html.erb within layouts/application (15.3ms)
Completed 200 OK in 43ms (Views: 22.5ms | ActiveRecord: 1.1ms)


Started GET "/team_members" for 127.0.0.1 at 2011-03-04 11:01:31 -0700
  Processing by TeamMembersController#index as HTML
  [1m[35mTeamMember Load (0.6ms)[0m  SELECT "team_members".* FROM "team_members"
Rendered team_members/index.html.erb within layouts/application (18.1ms)
Completed 200 OK in 37ms (Views: 24.4ms | ActiveRecord: 0.6ms)


Started GET "/teams" for 127.0.0.1 at 2011-03-04 11:01:34 -0700
  Processing by TeamsController#index as HTML
  [1m[36mTeam Load (0.6ms)[0m  [1mSELECT "teams".* FROM "teams"[0m
Rendered teams/index.html.erb within layouts/application (18.4ms)
Completed 200 OK in 39ms (Views: 24.5ms | ActiveRecord: 0.6ms)


Started GET "/teams/2" for 127.0.0.1 at 2011-03-04 11:01:37 -0700
  Processing by TeamsController#show as HTML
  Parameters: {"id"=>"2"}
  [1m[35mTeam Load (0.3ms)[0m  SELECT "teams".* FROM "teams" WHERE "teams"."id" = 2 LIMIT 1
  [1m[36mTeamMember Load (0.4ms)[0m  [1mSELECT "team_members".* FROM "team_members" WHERE ("team_members".team_id = 2)[0m
Rendered teams/show.html.erb within layouts/application (44.9ms)
Completed 200 OK in 112ms (Views: 51.4ms | ActiveRecord: 0.7ms)


Started GET "/teams/2.xml" for 127.0.0.1 at 2011-03-04 11:06:20 -0700
  Processing by TeamsController#show as XML
  Parameters: {"id"=>"2"}
  [1m[35mTeam Load (0.3ms)[0m  SELECT "teams".* FROM "teams" WHERE "teams"."id" = 2 LIMIT 1
Completed 200 OK in 134ms (Views: 115.1ms | ActiveRecord: 0.3ms)


Started GET "/teams.xml" for 127.0.0.1 at 2011-03-04 11:08:01 -0700
  Processing by TeamsController#index as XML
  [1m[36mTeam Load (0.6ms)[0m  [1mSELECT "teams".* FROM "teams"[0m
Completed 200 OK in 44ms (Views: 24.6ms | ActiveRecord: 0.6ms)


Started GET "/teams/2" for 127.0.0.1 at 2011-03-04 11:15:03 -0700
  Processing by TeamsController#show as HTML
  Parameters: {"id"=>"2"}
  [1m[35mTeam Load (0.3ms)[0m  SELECT "teams".* FROM "teams" WHERE "teams"."id" = 2 LIMIT 1
  [1m[36mSQL (0.3ms)[0m  [1mSELECT COUNT(*) FROM "team_members" WHERE ("team_members".team_id = 2)[0m
Rendered teams/show.html.erb within layouts/application (39.8ms)
Completed 200 OK in 102ms (Views: 46.3ms | ActiveRecord: 0.6ms)


Started GET "/teams/2" for 127.0.0.1 at 2011-03-04 11:17:35 -0700
  Processing by TeamsController#show as HTML
  Parameters: {"id"=>"2"}
  [1m[35mTeam Load (0.3ms)[0m  SELECT "teams".* FROM "teams" WHERE "teams"."id" = 2 LIMIT 1
  [1m[36mSQL (0.3ms)[0m  [1mSELECT COUNT(*) FROM "team_members" WHERE ("team_members".team_id = 2)[0m
Rendered teams/show.html.erb within layouts/application (78.2ms)
Completed 200 OK in 103ms (Views: 84.4ms | ActiveRecord: 0.5ms)


Started GET "/teams" for 127.0.0.1 at 2011-03-04 13:08:48 -0700
  Processing by TeamsController#index as HTML
  [1m[36mTeam Load (0.9ms)[0m  [1mSELECT "teams".* FROM "teams"[0m
Rendered teams/index.html.erb within layouts/application (56.8ms)
Completed 200 OK in 192ms (Views: 64.7ms | ActiveRecord: 0.9ms)


Started GET "/teams" for 127.0.0.1 at 2011-03-04 13:22:53 -0700
  Processing by TeamsController#index as HTML
  [1m[36mTeam Load (0.8ms)[0m  [1mSELECT "teams".* FROM "teams"[0m
Rendered teams/index.html.erb within layouts/application (56.2ms)
Completed 200 OK in 189ms (Views: 64.0ms | ActiveRecord: 0.8ms)


Started GET "/teams/2" for 127.0.0.1 at 2011-03-04 13:22:59 -0700
  Processing by TeamsController#show as HTML
  Parameters: {"id"=>"2"}
  [1m[35mSQL (0.4ms)[0m   SELECT name
 FROM sqlite_master
 WHERE type = 'table' AND NOT name = 'sqlite_sequence'
  [1m[36mTeam Load (0.3ms)[0m  [1mSELECT "teams".* FROM "teams" WHERE "teams"."id" = 2 LIMIT 1[0m
  [1m[35mSQL (0.3ms)[0m  SELECT COUNT(*) FROM "team_members" WHERE ("team_members".team_id = 2)
  [1m[36mTeamMember Load (0.2ms)[0m  [1mSELECT "team_members".* FROM "team_members" WHERE ("team_members".team_id = 2)[0m
Rendered teams/show.html.erb within layouts/application (75.2ms)
Completed 200 OK in 134ms (Views: 81.5ms | ActiveRecord: 1.1ms)


Started GET "/teams" for 127.0.0.1 at 2011-03-04 13:23:04 -0700
  Processing by TeamsController#index as HTML
  [1m[35mTeam Load (0.7ms)[0m  SELECT "teams".* FROM "teams"
Rendered teams/index.html.erb within layouts/application (56.0ms)
Completed 200 OK in 77ms (Views: 62.7ms | ActiveRecord: 0.7ms)


Started GET "/teams/new" for 127.0.0.1 at 2011-03-04 13:23:06 -0700
  Processing by TeamsController#new as HTML
Rendered teams/_form.html.erb (21.0ms)
Rendered teams/new.html.erb within layouts/application (26.7ms)
Completed 200 OK in 51ms (Views: 33.6ms | ActiveRecord: 0.0ms)


Started POST "/teams" for 127.0.0.1 at 2011-03-04 13:23:25 -0700
  Processing by TeamsController#create as HTML
  Parameters: {"utf8"=>"✓", "authenticity_token"=>"2Yxj33xh0Ja6MVrZMy4NiieiOsiHUdaX5hpNWZC4NVw=", "team"=>{"name"=>"Team Blah", "city"=>"Boulder", "state"=>"Co", "country"=>"USA"}, "commit"=>"Create Team"}
  [1m[36mAREL (0.8ms)[0m  [1mINSERT INTO "teams" ("name", "city", "state", "country", "created_at", "updated_at") VALUES ('Team Blah', 'Boulder', 'Co', 'USA', '2011-03-04 20:23:25.380447', '2011-03-04 20:23:25.380447')[0m
Redirected to http://localhost:3000/teams/3
Completed 302 Found in 82ms


Started GET "/teams/3" for 127.0.0.1 at 2011-03-04 13:23:25 -0700
  Processing by TeamsController#show as HTML
  Parameters: {"id"=>"3"}
  [1m[35mTeam Load (0.3ms)[0m  SELECT "teams".* FROM "teams" WHERE "teams"."id" = 3 LIMIT 1
  [1m[36mSQL (0.3ms)[0m  [1mSELECT COUNT(*) FROM "team_members" WHERE ("team_members".team_id = 3)[0m
Rendered teams/show.html.erb within layouts/application (44.0ms)
Completed 200 OK in 71ms (Views: 50.4ms | ActiveRecord: 1.4ms)


Started GET "/teams" for 127.0.0.1 at 2011-03-04 13:23:29 -0700
  Processing by TeamsController#index as HTML
  [1m[35mTeam Load (0.6ms)[0m  SELECT "teams".* FROM "teams"
Rendered teams/index.html.erb within layouts/application (20.4ms)
Completed 200 OK in 41ms (Views: 27.1ms | ActiveRecord: 0.6ms)


Started GET "/teams/3" for 127.0.0.1 at 2011-03-04 13:23:34 -0700
  Processing by TeamsController#show as HTML
  Parameters: {"id"=>"3"}
  [1m[36mTeam Load (0.3ms)[0m  [1mSELECT "teams".* FROM "teams" WHERE "teams"."id" = 3 LIMIT 1[0m
  [1m[35mSQL (0.3ms)[0m  SELECT COUNT(*) FROM "team_members" WHERE ("team_members".team_id = 3)
Rendered teams/show.html.erb within layouts/application (77.6ms)
Completed 200 OK in 102ms (Views: 83.7ms | ActiveRecord: 0.6ms)


Started GET "/teams.json" for 127.0.0.1 at 2011-03-04 13:25:39 -0700
  Processing by TeamsController#index as JSON
  [1m[36mTeam Load (0.7ms)[0m  [1mSELECT "teams".* FROM "teams"[0m
Completed 200 OK in 39ms (Views: 24.0ms | ActiveRecord: 0.7ms)
  [1m[36mSQL (0.8ms)[0m  [1m SELECT name
 FROM sqlite_master
 WHERE type = 'table' AND NOT name = 'sqlite_sequence'
[0m
  [1m[35mSQL (0.2ms)[0m   SELECT name
 FROM sqlite_master
 WHERE type = 'table' AND NOT name = 'sqlite_sequence'
  [1m[36mSQL (0.2ms)[0m  [1mSELECT "schema_migrations"."version" FROM "schema_migrations"[0m
Migrating to CreateTeams (20110304173129)
Migrating to CreateTeamMembers (20110304174840)
Migrating to AddBotIdToTeams (20110305223208)
  [1m[35mSQL (0.1ms)[0m  select sqlite_version(*)
  [1m[36mSQL (1.3ms)[0m  [1mALTER TABLE "teams" ADD "bots_id" integer[0m
  [1m[35mSQL (0.8ms)[0m  INSERT INTO "schema_migrations" ("version") VALUES ('20110305223208')
  [1m[36mSQL (0.3ms)[0m  [1m SELECT name
 FROM sqlite_master
 WHERE type = 'table' AND NOT name = 'sqlite_sequence'
[0m
  [1m[35mSQL (0.2ms)[0m  SELECT "schema_migrations"."version" FROM "schema_migrations"
  [1m[36mSQL (0.2ms)[0m  [1m SELECT name
 FROM sqlite_master
 WHERE type = 'table' AND NOT name = 'sqlite_sequence'
[0m
  [1m[35mSQL (0.1ms)[0m  PRAGMA index_list("team_members")
  [1m[36mSQL (0.1ms)[0m  [1mPRAGMA index_list("teams")[0m
  [1m[36mSQL (0.7ms)[0m  [1m SELECT name
 FROM sqlite_master
 WHERE type = 'table' AND NOT name = 'sqlite_sequence'
[0m
  [1m[35mSQL (0.2ms)[0m   SELECT name
 FROM sqlite_master
 WHERE type = 'table' AND NOT name = 'sqlite_sequence'
  [1m[36mSQL (0.2ms)[0m  [1mSELECT "schema_migrations"."version" FROM "schema_migrations"[0m
Migrating to CreateTeams (20110304173129)
Migrating to CreateTeamMembers (20110304174840)
Migrating to AddBotIdToTeams (20110305223208)
Migrating to CreateBots (20110305223918)
  [1m[35mSQL (0.1ms)[0m  select sqlite_version(*)
  [1m[36mSQL (0.7ms)[0m  [1mCREATE TABLE "bots" ("id" INTEGER PRIMARY KEY AUTOINCREMENT NOT NULL, "name" varchar(255), "bot_types_id" integer, "teams_id" integer, "created_at" datetime, "updated_at" datetime) [0m
  [1m[35mSQL (0.2ms)[0m  INSERT INTO "schema_migrations" ("version") VALUES ('20110305223918')
  [1m[36mSQL (0.3ms)[0m  [1m SELECT name
 FROM sqlite_master
 WHERE type = 'table' AND NOT name = 'sqlite_sequence'
[0m
  [1m[35mSQL (0.2ms)[0m  SELECT "schema_migrations"."version" FROM "schema_migrations"
  [1m[36mSQL (0.2ms)[0m  [1m SELECT name
 FROM sqlite_master
 WHERE type = 'table' AND NOT name = 'sqlite_sequence'
[0m
  [1m[35mSQL (0.1ms)[0m  PRAGMA index_list("bots")
  [1m[36mSQL (0.1ms)[0m  [1mPRAGMA index_list("team_members")[0m
  [1m[35mSQL (0.1ms)[0m  PRAGMA index_list("teams")
  [1m[36mSQL (0.8ms)[0m  [1m SELECT name
 FROM sqlite_master
 WHERE type = 'table' AND NOT name = 'sqlite_sequence'
[0m
  [1m[35mSQL (0.2ms)[0m   SELECT name
 FROM sqlite_master
 WHERE type = 'table' AND NOT name = 'sqlite_sequence'
  [1m[36mSQL (0.2ms)[0m  [1mSELECT "schema_migrations"."version" FROM "schema_migrations"[0m
  [1m[35mSQL (0.2ms)[0m   SELECT name
 FROM sqlite_master
 WHERE type = 'table' AND NOT name = 'sqlite_sequence'
  [1m[36mSQL (0.2ms)[0m  [1mSELECT "schema_migrations"."version" FROM "schema_migrations"[0m
Migrating to CreateBots (20110305223918)
  [1m[35mSQL (0.1ms)[0m  select sqlite_version(*)
  [1m[36mSQL (4.1ms)[0m  [1mDROP TABLE "bots"[0m
  [1m[35mAREL (0.2ms)[0m  DELETE FROM "schema_migrations" WHERE "schema_migrations"."version" = '20110305223918'
  [1m[36mSQL (0.3ms)[0m  [1m SELECT name
 FROM sqlite_master
 WHERE type = 'table' AND NOT name = 'sqlite_sequence'
[0m
  [1m[35mSQL (0.2ms)[0m  SELECT "schema_migrations"."version" FROM "schema_migrations"
  [1m[36mSQL (0.2ms)[0m  [1m SELECT name
 FROM sqlite_master
 WHERE type = 'table' AND NOT name = 'sqlite_sequence'
[0m
  [1m[35mSQL (0.1ms)[0m  PRAGMA index_list("team_members")
  [1m[36mSQL (0.1ms)[0m  [1mPRAGMA index_list("teams")[0m
  [1m[36mSQL (0.8ms)[0m  [1m SELECT name
 FROM sqlite_master
 WHERE type = 'table' AND NOT name = 'sqlite_sequence'
[0m
  [1m[35mSQL (0.3ms)[0m   SELECT name
 FROM sqlite_master
 WHERE type = 'table' AND NOT name = 'sqlite_sequence'
  [1m[36mSQL (0.3ms)[0m  [1mSELECT "schema_migrations"."version" FROM "schema_migrations"[0m
  [1m[35mSQL (0.2ms)[0m   SELECT name
 FROM sqlite_master
 WHERE type = 'table' AND NOT name = 'sqlite_sequence'
  [1m[36mSQL (0.2ms)[0m  [1mSELECT "schema_migrations"."version" FROM "schema_migrations"[0m
Migrating to AddBotIdToTeams (20110305223208)
  [1m[35mSQL (0.1ms)[0m  select sqlite_version(*)
  [1m[36mSQL (1.2ms)[0m  [1mCREATE TEMPORARY TABLE "altered_teams" ("id" INTEGER PRIMARY KEY AUTOINCREMENT NOT NULL, "name" varchar(255), "city" varchar(255), "state" varchar(255), "country" varchar(255), "created_at" datetime, "updated_at" datetime, "bots_id" integer) [0m
  [1m[35mSQL (0.1ms)[0m  PRAGMA index_list("teams")
  [1m[36mSQL (0.9ms)[0m  [1mDROP TABLE "teams"[0m
  [1m[35mSQL (0.3ms)[0m  CREATE TABLE "teams" ("id" INTEGER PRIMARY KEY AUTOINCREMENT NOT NULL, "name" varchar(255), "city" varchar(255), "state" varchar(255), "country" varchar(255), "created_at" datetime, "updated_at" datetime) 
  [1m[36mSQL (0.1ms)[0m  [1mPRAGMA index_list("altered_teams")[0m
  [1m[35mSQL (0.6ms)[0m  DROP TABLE "altered_teams"
  [1m[36mAREL (0.2ms)[0m  [1mDELETE FROM "schema_migrations" WHERE "schema_migrations"."version" = '20110305223208'[0m
  [1m[35mSQL (0.3ms)[0m   SELECT name
 FROM sqlite_master
 WHERE type = 'table' AND NOT name = 'sqlite_sequence'
  [1m[36mSQL (0.2ms)[0m  [1mSELECT "schema_migrations"."version" FROM "schema_migrations"[0m
  [1m[35mSQL (0.2ms)[0m   SELECT name
 FROM sqlite_master
 WHERE type = 'table' AND NOT name = 'sqlite_sequence'
  [1m[36mSQL (0.1ms)[0m  [1mPRAGMA index_list("team_members")[0m
  [1m[35mSQL (0.1ms)[0m  PRAGMA index_list("teams")
  [1m[36mSQL (0.8ms)[0m  [1m SELECT name
 FROM sqlite_master
 WHERE type = 'table' AND NOT name = 'sqlite_sequence'
[0m
  [1m[35mSQL (0.2ms)[0m   SELECT name
 FROM sqlite_master
 WHERE type = 'table' AND NOT name = 'sqlite_sequence'
  [1m[36mSQL (0.2ms)[0m  [1mSELECT "schema_migrations"."version" FROM "schema_migrations"[0m
Migrating to CreateTeams (20110304173129)
Migrating to CreateTeamMembers (20110304174840)
Migrating to CreateBots (20110305223918)
  [1m[35mSQL (0.1ms)[0m  select sqlite_version(*)
  [1m[36mSQL (0.7ms)[0m  [1mCREATE TABLE "bots" ("id" INTEGER PRIMARY KEY AUTOINCREMENT NOT NULL, "name" varchar(255), "bot_types_id" integer, "teams_id" integer, "created_at" datetime, "updated_at" datetime) [0m
  [1m[35mSQL (0.2ms)[0m  INSERT INTO "schema_migrations" ("version") VALUES ('20110305223918')
  [1m[36mSQL (0.3ms)[0m  [1m SELECT name
 FROM sqlite_master
 WHERE type = 'table' AND NOT name = 'sqlite_sequence'
[0m
  [1m[35mSQL (0.2ms)[0m  SELECT "schema_migrations"."version" FROM "schema_migrations"
  [1m[36mSQL (0.2ms)[0m  [1m SELECT name
 FROM sqlite_master
 WHERE type = 'table' AND NOT name = 'sqlite_sequence'
[0m
  [1m[35mSQL (0.1ms)[0m  PRAGMA index_list("bots")
  [1m[36mSQL (0.1ms)[0m  [1mPRAGMA index_list("team_members")[0m
  [1m[35mSQL (0.1ms)[0m  PRAGMA index_list("teams")
  [1m[36mSQL (0.8ms)[0m  [1m SELECT name
 FROM sqlite_master
 WHERE type = 'table' AND NOT name = 'sqlite_sequence'
[0m
  [1m[35mSQL (0.2ms)[0m   SELECT name
 FROM sqlite_master
 WHERE type = 'table' AND NOT name = 'sqlite_sequence'
  [1m[36mSQL (0.2ms)[0m  [1mSELECT "schema_migrations"."version" FROM "schema_migrations"[0m
Migrating to CreateTeams (20110304173129)
Migrating to CreateTeamMembers (20110304174840)
Migrating to CreateBots (20110305223918)
Migrating to CreateBotTypes (20110306043022)
  [1m[35mSQL (0.1ms)[0m  select sqlite_version(*)
  [1m[36mSQL (0.7ms)[0m  [1mCREATE TABLE "bot_types" ("id" INTEGER PRIMARY KEY AUTOINCREMENT NOT NULL, "name" varchar(255), "created_at" datetime, "updated_at" datetime) [0m
  [1m[35mSQL (0.5ms)[0m  INSERT INTO "schema_migrations" ("version") VALUES ('20110306043022')
Migrating to CreateHeats (20110306052458)
  [1m[36mSQL (0.6ms)[0m  [1mCREATE TABLE "heats" ("id" INTEGER PRIMARY KEY AUTOINCREMENT NOT NULL, "bot_types_id" integer, "created_at" datetime, "updated_at" datetime) [0m
  [1m[35mSQL (0.2ms)[0m  INSERT INTO "schema_migrations" ("version") VALUES ('20110306052458')
Migrating to CreateLaps (20110306160802)
  [1m[36mSQL (0.6ms)[0m  [1mCREATE TABLE "laps" ("id" INTEGER PRIMARY KEY AUTOINCREMENT NOT NULL, "bots_id" integer, "lap_time" time, "corners_completed" integer, "disqualified" boolean, "heats_id" integer, "created_at" datetime, "updated_at" datetime) [0m
  [1m[35mSQL (0.2ms)[0m  INSERT INTO "schema_migrations" ("version") VALUES ('20110306160802')
Migrating to AddStarttimeToHeats (20110307161235)
  [1m[36mSQL (0.6ms)[0m  [1mALTER TABLE "heats" ADD "starttime" datetime[0m
  [1m[35mSQL (0.2ms)[0m  INSERT INTO "schema_migrations" ("version") VALUES ('20110307161235')
  [1m[36mSQL (0.5ms)[0m  [1m SELECT name
 FROM sqlite_master
 WHERE type = 'table' AND NOT name = 'sqlite_sequence'
[0m
  [1m[35mSQL (0.2ms)[0m  SELECT "schema_migrations"."version" FROM "schema_migrations"
  [1m[36mSQL (0.3ms)[0m  [1m SELECT name
 FROM sqlite_master
 WHERE type = 'table' AND NOT name = 'sqlite_sequence'
[0m
  [1m[35mSQL (0.1ms)[0m  PRAGMA index_list("bot_types")
  [1m[36mSQL (0.1ms)[0m  [1mPRAGMA index_list("bots")[0m
  [1m[35mSQL (0.1ms)[0m  PRAGMA index_list("heats")
  [1m[36mSQL (0.1ms)[0m  [1mPRAGMA index_list("laps")[0m
  [1m[35mSQL (0.1ms)[0m  PRAGMA index_list("team_members")
  [1m[36mSQL (0.1ms)[0m  [1mPRAGMA index_list("teams")[0m


Started GET "/bot_type.json" for 127.0.0.1 at 2011-03-07 09:37:03 -0700

ActionController::RoutingError (No route matches "/bot_type.json"):
  

Rendered /Users/todd/.rvm/gems/ruby-1.9.2-p180/gems/actionpack-3.0.5/lib/action_dispatch/middleware/templates/rescues/routing_error.erb within rescues/layout (1.8ms)


Started GET "/bot_typea.json" for 127.0.0.1 at 2011-03-07 09:37:16 -0700

ActionController::RoutingError (No route matches "/bot_typea.json"):
  

Rendered /Users/todd/.rvm/gems/ruby-1.9.2-p180/gems/actionpack-3.0.5/lib/action_dispatch/middleware/templates/rescues/routing_error.erb within rescues/layout (1.5ms)


Started GET "/bot_types.json" for 127.0.0.1 at 2011-03-07 09:37:20 -0700
  Processing by BotTypesController#index as JSON
  [1m[36mBotType Load (0.8ms)[0m  [1mSELECT "bot_types".* FROM "bot_types"[0m
Completed 200 OK in 134ms (Views: 3.1ms | ActiveRecord: 0.8ms)


Started GET "/bot_types/new.json" for 127.0.0.1 at 2011-03-07 09:39:01 -0700
  Processing by BotTypesController#new as JSON
Completed 200 OK in 64ms (Views: 9.8ms | ActiveRecord: 0.0ms)


Started GET "/bot_types/1.json" for 127.0.0.1 at 2011-03-07 09:39:42 -0700
  Processing by BotTypesController#show as JSON
  Parameters: {"id"=>"1"}
  [1m[35mSQL (0.8ms)[0m   SELECT name
 FROM sqlite_master
 WHERE type = 'table' AND NOT name = 'sqlite_sequence'
  [1m[36mBotType Load (0.2ms)[0m  [1mSELECT "bot_types".* FROM "bot_types" WHERE "bot_types"."id" = 1 LIMIT 1[0m
Completed   in 17ms

ActiveRecord::RecordNotFound (Couldn't find BotType with ID=1):
  app/controllers/bot_types_controller.rb:17:in `show'

Rendered /Users/todd/.rvm/gems/ruby-1.9.2-p180/gems/actionpack-3.0.5/lib/action_dispatch/middleware/templates/rescues/_trace.erb (1.9ms)
Rendered /Users/todd/.rvm/gems/ruby-1.9.2-p180/gems/actionpack-3.0.5/lib/action_dispatch/middleware/templates/rescues/_request_and_response.erb (4.3ms)
Rendered /Users/todd/.rvm/gems/ruby-1.9.2-p180/gems/actionpack-3.0.5/lib/action_dispatch/middleware/templates/rescues/diagnostics.erb within rescues/layout (14.0ms)


Started GET "/teams" for 127.0.0.1 at 2011-03-07 14:38:00 -0700
  Processing by TeamsController#index as HTML
  [1m[36mTeam Load (0.9ms)[0m  [1mSELECT "teams".* FROM "teams"[0m
Completed 406 Not Acceptable in 171ms


Started GET "/teams.json" for 127.0.0.1 at 2011-03-07 14:38:06 -0700
  Processing by TeamsController#index as JSON
  [1m[35mTeam Load (0.3ms)[0m  SELECT "teams".* FROM "teams"
Completed 200 OK in 47ms (Views: 30.7ms | ActiveRecord: 1.3ms)


Started GET "/teams.json" for 127.0.0.1 at 2011-03-07 14:52:42 -0700
  Processing by TeamsController#index as JSON
  [1m[36mTeam Load (0.8ms)[0m  [1mSELECT "teams".* FROM "teams"[0m
Completed 200 OK in 33ms (Views: 16.9ms | ActiveRecord: 0.8ms)


Started GET "/teams.json" for 127.0.0.1 at 2011-03-07 14:52:45 -0700
  Processing by TeamsController#index as JSON
  [1m[35mTeam Load (0.8ms)[0m  SELECT "teams".* FROM "teams"
Completed 200 OK in 34ms (Views: 18.2ms | ActiveRecord: 0.8ms)


Started GET "/teams.json" for 127.0.0.1 at 2011-03-07 15:23:55 -0700
  Processing by TeamsController#index as JSON
  [1m[36mTeam Load (0.9ms)[0m  [1mSELECT "teams".* FROM "teams"[0m
Completed 200 OK in 35ms (Views: 17.5ms | ActiveRecord: 0.9ms)


Started GET "/teams?_dc=1299536811575&limit=25" for 127.0.0.1 at 2011-03-07 15:26:51 -0700
  Processing by TeamsController#index as 
  Parameters: {"_dc"=>"1299536811575", "limit"=>"25"}
  [1m[35mTeam Load (0.8ms)[0m  SELECT "teams".* FROM "teams"
Completed 200 OK in 41ms (Views: 20.2ms | ActiveRecord: 0.8ms)


Started GET "/teams?_dc=1299537924746&limit=25" for 127.0.0.1 at 2011-03-07 15:45:24 -0700
  Processing by TeamsController#index as 
  Parameters: {"_dc"=>"1299537924746", "limit"=>"25"}
  [1m[36mTeam Load (0.8ms)[0m  [1mSELECT "teams".* FROM "teams"[0m
Completed 200 OK in 37ms (Views: 18.1ms | ActiveRecord: 0.8ms)


Started GET "/teams?_dc=1299538071376&limit=25" for 127.0.0.1 at 2011-03-07 15:47:51 -0700
  Processing by TeamsController#index as HTML
  Parameters: {"_dc"=>"1299538071376", "limit"=>"25"}
  [1m[35mTeam Load (0.8ms)[0m  SELECT "teams".* FROM "teams"
Completed 200 OK in 34ms (Views: 17.5ms | ActiveRecord: 0.8ms)


Started GET "/teams?_dc=1299538090978&limit=25" for 127.0.0.1 at 2011-03-07 15:48:10 -0700
  Processing by TeamsController#index as HTML
  Parameters: {"_dc"=>"1299538090978", "limit"=>"25"}
  [1m[36mTeam Load (1.0ms)[0m  [1mSELECT "teams".* FROM "teams"[0m
Completed 200 OK in 77ms (Views: 17.4ms | ActiveRecord: 1.0ms)


Started GET "/teams?_dc=1299538103628&limit=25" for 127.0.0.1 at 2011-03-07 15:48:23 -0700
  Processing by TeamsController#index as HTML
  Parameters: {"_dc"=>"1299538103628", "limit"=>"25"}
  [1m[35mTeam Load (0.8ms)[0m  SELECT "teams".* FROM "teams"
Completed 200 OK in 34ms (Views: 16.9ms | ActiveRecord: 0.8ms)


Started GET "/teams?_dc=1299538123038&limit=25" for 127.0.0.1 at 2011-03-07 15:48:43 -0700
  Processing by TeamsController#index as HTML
  Parameters: {"_dc"=>"1299538123038", "limit"=>"25"}
  [1m[36mTeam Load (0.8ms)[0m  [1mSELECT "teams".* FROM "teams"[0m
Completed 200 OK in 45ms (Views: 23.0ms | ActiveRecord: 0.8ms)


Started GET "/teams.json?_dc=1299538226312&limit=25" for 127.0.0.1 at 2011-03-07 15:50:26 -0700
  Processing by TeamsController#index as JSON
  Parameters: {"_dc"=>"1299538226312", "limit"=>"25"}
  [1m[35mTeam Load (0.8ms)[0m  SELECT "teams".* FROM "teams"
Completed 200 OK in 34ms (Views: 17.6ms | ActiveRecord: 0.8ms)


Started GET "/teams.json?_dc=1299538239999&limit=25" for 127.0.0.1 at 2011-03-07 15:50:40 -0700
  Processing by TeamsController#index as JSON
  Parameters: {"_dc"=>"1299538239999", "limit"=>"25"}
  [1m[36mTeam Load (0.8ms)[0m  [1mSELECT "teams".* FROM "teams"[0m
Completed 200 OK in 38ms (Views: 20.5ms | ActiveRecord: 0.8ms)


Started GET "/teams.json?_dc=1299538810323&limit=25" for 127.0.0.1 at 2011-03-07 16:00:10 -0700
  Processing by TeamsController#index as JSON
  Parameters: {"_dc"=>"1299538810323", "limit"=>"25"}
  [1m[35mTeam Load (0.8ms)[0m  SELECT "teams".* FROM "teams"
Completed 200 OK in 60ms (Views: 34.0ms | ActiveRecord: 0.8ms)


Started GET "/teams.json?_dc=1299538813907&limit=25" for 127.0.0.1 at 2011-03-07 16:00:13 -0700
  Processing by TeamsController#index as JSON
  Parameters: {"_dc"=>"1299538813907", "limit"=>"25"}
  [1m[36mTeam Load (1.5ms)[0m  [1mSELECT "teams".* FROM "teams"[0m
Completed 200 OK in 45ms (Views: 20.1ms | ActiveRecord: 1.5ms)


Started GET "/teams.json?_dc=1299538953256&limit=25" for 127.0.0.1 at 2011-03-07 16:02:33 -0700
  Processing by TeamsController#index as JSON
  Parameters: {"_dc"=>"1299538953256", "limit"=>"25"}
  [1m[35mTeam Load (0.8ms)[0m  SELECT "teams".* FROM "teams"
Completed 200 OK in 60ms (Views: 42.0ms | ActiveRecord: 0.8ms)


Started GET "/teams.json?_dc=1299539220787&limit=25" for 127.0.0.1 at 2011-03-07 16:07:00 -0700
  Processing by TeamsController#index as JSON
  Parameters: {"_dc"=>"1299539220787", "limit"=>"25"}
Completed   in 10ms

ArgumentError (wrong number of arguments (1 for 0)):
  app/models/team.rb:2:in `<class:Team>'
  app/models/team.rb:1:in `<top (required)>'
  app/controllers/teams_controller.rb:4:in `index'

Rendered /Users/todd/.rvm/gems/ruby-1.9.2-p180/gems/actionpack-3.0.5/lib/action_dispatch/middleware/templates/rescues/_trace.erb (2.2ms)
Rendered /Users/todd/.rvm/gems/ruby-1.9.2-p180/gems/actionpack-3.0.5/lib/action_dispatch/middleware/templates/rescues/_request_and_response.erb (5.1ms)
Rendered /Users/todd/.rvm/gems/ruby-1.9.2-p180/gems/actionpack-3.0.5/lib/action_dispatch/middleware/templates/rescues/diagnostics.erb within rescues/layout (51.1ms)


Started GET "/teams.json?_dc=1299539438902&limit=25" for 127.0.0.1 at 2011-03-07 16:10:38 -0700
  Processing by TeamsController#index as JSON
  Parameters: {"_dc"=>"1299539438902", "limit"=>"25"}
  [1m[36mTeam Load (0.8ms)[0m  [1mSELECT "teams".* FROM "teams"[0m
Completed 200 OK in 44ms (Views: 18.0ms | ActiveRecord: 0.8ms)


Started GET "/teams.json?_dc=1299539464341&limit=25" for 127.0.0.1 at 2011-03-07 16:11:04 -0700
  Processing by TeamsController#index as JSON
  Parameters: {"_dc"=>"1299539464341", "limit"=>"25"}
  [1m[35mTeam Load (0.8ms)[0m  SELECT "teams".* FROM "teams"
Completed 200 OK in 56ms (Views: 29.2ms | ActiveRecord: 0.8ms)


Started GET "/teams.json?_dc=1299541005891&limit=25" for 127.0.0.1 at 2011-03-07 16:36:45 -0700
  Processing by TeamsController#index as JSON
  Parameters: {"_dc"=>"1299541005891", "limit"=>"25"}
  [1m[36mTeam Load (0.8ms)[0m  [1mSELECT "teams".* FROM "teams"[0m
Completed 200 OK in 89ms (Views: 69.0ms | ActiveRecord: 0.8ms)


Started GET "/teams.json?_dc=1299541069364&limit=25" for 127.0.0.1 at 2011-03-07 16:37:49 -0700
  Processing by TeamsController#index as JSON
  Parameters: {"_dc"=>"1299541069364", "limit"=>"25"}
  [1m[35mTeam Load (0.8ms)[0m  SELECT "teams".* FROM "teams"
Completed 200 OK in 37ms (Views: 18.2ms | ActiveRecord: 0.8ms)


Started GET "/teams.json?_dc=1299541106007&limit=25" for 127.0.0.1 at 2011-03-07 16:38:26 -0700
  Processing by TeamsController#index as JSON
  Parameters: {"_dc"=>"1299541106007", "limit"=>"25"}
  [1m[36mTeam Load (1.2ms)[0m  [1mSELECT "teams".* FROM "teams"[0m
Completed 200 OK in 49ms (Views: 19.3ms | ActiveRecord: 1.2ms)


Started GET "/teams.json?_dc=1299541130416&limit=25" for 127.0.0.1 at 2011-03-07 16:38:50 -0700
  Processing by TeamsController#index as JSON
  Parameters: {"_dc"=>"1299541130416", "limit"=>"25"}
  [1m[35mTeam Load (3.1ms)[0m  SELECT "teams".* FROM "teams"
Completed 200 OK in 53ms (Views: 19.9ms | ActiveRecord: 3.1ms)


Started GET "/teams.json?_dc=1299541196619&limit=25" for 127.0.0.1 at 2011-03-07 16:39:56 -0700
  Processing by TeamsController#index as JSON
  Parameters: {"_dc"=>"1299541196619", "limit"=>"25"}
  [1m[36mTeam Load (0.8ms)[0m  [1mSELECT "teams".* FROM "teams"[0m
Completed 200 OK in 65ms (Views: 37.3ms | ActiveRecord: 0.8ms)


Started GET "/teams.json?_dc=1299541274239&limit=25" for 127.0.0.1 at 2011-03-07 16:41:14 -0700
  Processing by TeamsController#index as JSON
  Parameters: {"_dc"=>"1299541274239", "limit"=>"25"}
  [1m[35mTeam Load (3.3ms)[0m  SELECT "teams".* FROM "teams"
Completed 200 OK in 37ms (Views: 17.9ms | ActiveRecord: 3.3ms)


Started GET "/teams.json?_dc=1299541537771&limit=25" for 127.0.0.1 at 2011-03-07 16:45:37 -0700
  Processing by TeamsController#index as JSON
  Parameters: {"_dc"=>"1299541537771", "limit"=>"25"}
  [1m[36mTeam Load (0.8ms)[0m  [1mSELECT "teams".* FROM "teams"[0m
Completed 200 OK in 61ms (Views: 33.0ms | ActiveRecord: 0.8ms)


Started GET "/teams.json?_dc=1299542289657&limit=25" for 127.0.0.1 at 2011-03-07 16:58:09 -0700
  Processing by TeamsController#index as JSON
  Parameters: {"_dc"=>"1299542289657", "limit"=>"25"}
  [1m[35mTeam Load (1.1ms)[0m  SELECT "teams".* FROM "teams"
Completed 200 OK in 52ms (Views: 25.5ms | ActiveRecord: 1.1ms)


Started GET "/teams.json?_dc=1299542393011&limit=25" for 127.0.0.1 at 2011-03-07 16:59:53 -0700
  Processing by TeamsController#index as JSON
  Parameters: {"_dc"=>"1299542393011", "limit"=>"25"}
  [1m[36mTeam Load (1.2ms)[0m  [1mSELECT "teams".* FROM "teams"[0m
Completed 200 OK in 37ms (Views: 18.2ms | ActiveRecord: 1.2ms)


Started GET "/teams.json?_dc=1299542555941&limit=25" for 127.0.0.1 at 2011-03-07 17:02:35 -0700
  Processing by TeamsController#index as JSON
  Parameters: {"_dc"=>"1299542555941", "limit"=>"25"}
  [1m[35mTeam Load (1.2ms)[0m  SELECT "teams".* FROM "teams"
Completed 200 OK in 39ms (Views: 21.3ms | ActiveRecord: 1.2ms)


Started GET "/teams.json?_dc=1299545936278&limit=25" for 127.0.0.1 at 2011-03-07 17:58:56 -0700
  Processing by TeamsController#index as JSON
  Parameters: {"_dc"=>"1299545936278", "limit"=>"25"}
  [1m[36mTeam Load (1.0ms)[0m  [1mSELECT "teams".* FROM "teams"[0m
Completed 200 OK in 209ms (Views: 63.2ms | ActiveRecord: 1.0ms)


Started GET "/teams.json?_dc=1299545938593&limit=25" for 127.0.0.1 at 2011-03-07 17:58:58 -0700
  Processing by TeamsController#index as JSON
  Parameters: {"_dc"=>"1299545938593", "limit"=>"25"}
  [1m[35mTeam Load (0.8ms)[0m  SELECT "teams".* FROM "teams"
Completed 200 OK in 65ms (Views: 48.6ms | ActiveRecord: 0.8ms)


Started GET "/teams.json?_dc=1299545942444&limit=25" for 127.0.0.1 at 2011-03-07 17:59:02 -0700
  Processing by TeamsController#index as JSON
  Parameters: {"_dc"=>"1299545942444", "limit"=>"25"}
  [1m[36mTeam Load (0.8ms)[0m  [1mSELECT "teams".* FROM "teams"[0m
Completed 200 OK in 66ms (Views: 49.4ms | ActiveRecord: 0.8ms)
